actionid: tox
msg: packaging
cmdargs: ['/home/vagrant/.pyenv/versions/3.6.1/bin/python3.6', local('/home/vagrant/Development/farmers-market/setup.py'), 'sdist', '--formats=zip', '--dist-dir', local('/home/vagrant/Development/farmers-market/.tox/dist')]
env: None

running sdist
running check
warning: sdist: standard file not found: should have one of README, README.txt

reading manifest template 'MANIFEST.in'
writing manifest file 'MANIFEST'
creating Farmer's Market-0.0.1
creating Farmer's Market-0.0.1/market
making hard links in Farmer's Market-0.0.1...
hard linking LICENSE -> Farmer's Market-0.0.1
hard linking README.md -> Farmer's Market-0.0.1
hard linking setup.cfg -> Farmer's Market-0.0.1
hard linking setup.py -> Farmer's Market-0.0.1
hard linking market/__init__.py -> Farmer's Market-0.0.1/market
hard linking market/market.py -> Farmer's Market-0.0.1/market
hard linking market/version.py -> Farmer's Market-0.0.1/market
creating '.tox/dist/Farmer's Market-0.0.1.zip' and adding 'Farmer's Market-0.0.1' to it
adding 'Farmer's Market-0.0.1/setup.py'
adding 'Farmer's Market-0.0.1/setup.cfg'
adding 'Farmer's Market-0.0.1/README.md'
adding 'Farmer's Market-0.0.1/LICENSE'
adding 'Farmer's Market-0.0.1/PKG-INFO'
adding 'Farmer's Market-0.0.1/market/__init__.py'
adding 'Farmer's Market-0.0.1/market/market.py'
adding 'Farmer's Market-0.0.1/market/version.py'
removing 'Farmer's Market-0.0.1' (and everything under it)
